  DrunkCity.cpp
c:\program files (x86)\microsoft visual studio\2017\enterprise\vc\tools\msvc\14.13.26128\include\xutility(2400): error C2280: "std::unique_ptr<Geometry,std::default_delete<_Ty>> &std::unique_ptr<_Ty,std::default_delete<_Ty>>::operator =(const std::unique_ptr<_Ty,std::default_delete<_Ty>> &)" : Es wurde versucht, auf eine gelöschte Funktion zu verweisen
          with
          [
              _Ty=Geometry
          ]
  c:\program files (x86)\microsoft visual studio\2017\enterprise\vc\tools\msvc\14.13.26128\include\memory(2395): note: Siehe Deklaration von "std::unique_ptr<Geometry,std::default_delete<_Ty>>::operator ="
          with
          [
              _Ty=Geometry
          ]
  c:\program files (x86)\microsoft visual studio\2017\enterprise\vc\tools\msvc\14.13.26128\include\xutility(2419): note: Siehe Verweis auf die Instanziierung der gerade kompilierten Funktions-Vorlage "_OutIt std::_Copy_unchecked1<_InIt,_OutIt>(_InIt,_InIt,_OutIt,std::_General_ptr_iterator_tag)".
          with
          [
              _OutIt=std::unique_ptr<Geometry,std::default_delete<Geometry>> *,
              _InIt=std::unique_ptr<Geometry,std::default_delete<Geometry>> *
          ]
  c:\program files (x86)\microsoft visual studio\2017\enterprise\vc\tools\msvc\14.13.26128\include\vector(1432): note: Siehe Verweis auf die Instanziierung der gerade kompilierten Funktions-Vorlage "_OutIt *std::_Copy_unchecked<_Iter,std::unique_ptr<Geometry,std::default_delete<_Ty>>*>(_InIt,_InIt,_OutIt)".
          with
          [
              _OutIt=std::unique_ptr<Geometry,std::default_delete<Geometry>> *,
              _Iter=std::unique_ptr<Geometry,std::default_delete<Geometry>> *,
              _Ty=Geometry,
              _InIt=std::unique_ptr<Geometry,std::default_delete<Geometry>> *
          ]
  c:\program files (x86)\microsoft visual studio\2017\enterprise\vc\tools\msvc\14.13.26128\include\vector(1450): note: Siehe Verweis auf die Instanziierung der gerade kompilierten Funktions-Vorlage "void std::vector<std::unique_ptr<Geometry,std::default_delete<_Ty>>,std::allocator<std::unique_ptr<_Ty,std::default_delete<_Ty>>>>::_Assign_range<_Iter>(_Iter,_Iter,std::forward_iterator_tag)".
          with
          [
              _Ty=Geometry,
              _Iter=std::unique_ptr<Geometry,std::default_delete<Geometry>> *
          ]
  c:\program files (x86)\microsoft visual studio\2017\enterprise\vc\tools\msvc\14.13.26128\include\vector(1450): note: Siehe Verweis auf die Instanziierung der gerade kompilierten Funktions-Vorlage "void std::vector<std::unique_ptr<Geometry,std::default_delete<_Ty>>,std::allocator<std::unique_ptr<_Ty,std::default_delete<_Ty>>>>::_Assign_range<_Iter>(_Iter,_Iter,std::forward_iterator_tag)".
          with
          [
              _Ty=Geometry,
              _Iter=std::unique_ptr<Geometry,std::default_delete<Geometry>> *
          ]
  c:\program files (x86)\microsoft visual studio\2017\enterprise\vc\tools\msvc\14.13.26128\include\vector(1473): note: Siehe Verweis auf die Instanziierung der gerade kompilierten Funktions-Vorlage "void std::vector<std::unique_ptr<Geometry,std::default_delete<_Ty>>,std::allocator<std::unique_ptr<_Ty,std::default_delete<_Ty>>>>::assign<std::unique_ptr<_Ty,std::default_delete<_Ty>>*,void>(_Iter,_Iter)".
          with
          [
              _Ty=Geometry,
              _Iter=std::unique_ptr<Geometry,std::default_delete<Geometry>> *
          ]
  c:\program files (x86)\microsoft visual studio\2017\enterprise\vc\tools\msvc\14.13.26128\include\vector(1473): note: Siehe Verweis auf die Instanziierung der gerade kompilierten Funktions-Vorlage "void std::vector<std::unique_ptr<Geometry,std::default_delete<_Ty>>,std::allocator<std::unique_ptr<_Ty,std::default_delete<_Ty>>>>::assign<std::unique_ptr<_Ty,std::default_delete<_Ty>>*,void>(_Iter,_Iter)".
          with
          [
              _Ty=Geometry,
              _Iter=std::unique_ptr<Geometry,std::default_delete<Geometry>> *
          ]
  c:\program files (x86)\microsoft visual studio\2017\enterprise\vc\tools\msvc\14.13.26128\include\vector(1459): note: Bei der Kompilierung von Klasse Vorlage der std::vector<std::unique_ptr<Geometry,std::default_delete<_Ty>>,std::allocator<std::unique_ptr<_Ty,std::default_delete<_Ty>>>> &std::vector<std::unique_ptr<_Ty,std::default_delete<_Ty>>,std::allocator<std::unique_ptr<_Ty,std::default_delete<_Ty>>>>::operator =(const std::vector<std::unique_ptr<_Ty,std::default_delete<_Ty>>,std::allocator<std::unique_ptr<_Ty,std::default_delete<_Ty>>>> &)-Memberfunktion
          with
          [
              _Ty=Geometry
          ]
  c:\users\patrick\source\repos\cgue18_td\boozewars\src\drunkcity.cpp(13): note: Siehe Verweis auf die Instanziierung der gerade kompilierten Funktions-Vorlage "std::vector<std::unique_ptr<Geometry,std::default_delete<_Ty>>,std::allocator<std::unique_ptr<_Ty,std::default_delete<_Ty>>>> &std::vector<std::unique_ptr<_Ty,std::default_delete<_Ty>>,std::allocator<std::unique_ptr<_Ty,std::default_delete<_Ty>>>>::operator =(const std::vector<std::unique_ptr<_Ty,std::default_delete<_Ty>>,std::allocator<std::unique_ptr<_Ty,std::default_delete<_Ty>>>> &)".
          with
          [
              _Ty=Geometry
          ]
  c:\users\patrick\source\repos\cgue18_td\boozewars\src\geometry.h(47): note: Siehe Verweis auf die Klasse Vorlage-Instanziierung "std::vector<std::unique_ptr<Geometry,std::default_delete<_Ty>>,std::allocator<std::unique_ptr<_Ty,std::default_delete<_Ty>>>>", die kompiliert wird.
          with
          [
              _Ty=Geometry
          ]
  c:\program files (x86)\microsoft visual studio\2017\enterprise\vc\tools\msvc\14.13.26128\include\memory(2395): note: "std::unique_ptr<Geometry,std::default_delete<_Ty>> &std::unique_ptr<_Ty,std::default_delete<_Ty>>::operator =(const std::unique_ptr<_Ty,std::default_delete<_Ty>> &)": Die Funktion wurde explizit gelöscht.
          with
          [
              _Ty=Geometry
          ]
  Main.cpp
  Code wird generiert...
